<?xml version="1.0" encoding="UTF-8"?>
<testsuite xmlns:xsi="http://www.w3.org/2001/XMLSchema-instance" xsi:noNamespaceSchemaLocation="https://maven.apache.org/surefire/maven-surefire-plugin/xsd/surefire-test-report.xsd" name="TestSuite" time="0.398" tests="11" errors="0" skipped="0" failures="0">
  <properties>
[...]
</properties>
  <testcase name="testNumberTestNGTests1" classname="units.NumberTestNGTests" time="0.005"/>
  <testcase name="testNumberTestNGTests2" classname="units.NumberTestNGTests" time="0"/>
  <testcase name="testNumberTestNGTests3" classname="units.NumberTestNGTests" time="0"/>
  <testcase name="testNumberTestNGTests4" classname="units.NumberTestNGTests" time="0"/>
  <testcase name="testNumberTestNGTests5" classname="units.NumberTestNGTests" time="0.001"/>
  <testcase name="testPersonAge on testPersonAge(PersonJUnitTest)" classname="PersonJUnitTest" time="0.002"/>
  <testcase name="testNumberJUnitTests1 on testNumberJUnitTests1(units.NumberJUnitTests)" classname="units.NumberJUnitTests" time="0.001"/>
  <testcase name="testNumberJUnitTests2 on testNumberJUnitTests2(units.NumberJUnitTests)" classname="units.NumberJUnitTests" time="0"/>
  <testcase name="testNumberJUnitTests3 on testNumberJUnitTests3(units.NumberJUnitTests)" classname="units.NumberJUnitTests" time="0"/>
  <testcase name="testNumberJUnitTests4 on testNumberJUnitTests4(units.NumberJUnitTests)" classname="units.NumberJUnitTests" time="0"/>
  <testcase name="testNumberJUnitTests5 on testNumberJUnitTests5(units.NumberJUnitTests)" classname="units.NumberJUnitTests" time="0"/>
</testsuite>