<?xml version="1.0" encoding="UTF-8"?>
<!-- Generated by org.testng.reporters.JUnitXMLReporter -->
<testsuite ignored="0" hostname="LAPTOP-SQ67K556" failures="0" tests="6" name="Surefire test" time="0.047" errors="0" timestamp="2024-04-05T19:45:35 CEST">
  <testcase classname="PersonJUnitTest" name="testPersonAge on testPersonAge(PersonJUnitTest)" time="0.01"/>
  <testcase classname="units.NumberJUnitTests" name="testNumberJUnitTests1 on testNumberJUnitTests1(units.NumberJUnitTests)" time="0.001"/>
  <testcase classname="units.NumberJUnitTests" name="testNumberJUnitTests2 on testNumberJUnitTests2(units.NumberJUnitTests)" time="0.001"/>
  <testcase classname="units.NumberJUnitTests" name="testNumberJUnitTests3 on testNumberJUnitTests3(units.NumberJUnitTests)" time="0.001"/>
  <testcase classname="units.NumberJUnitTests" name="testNumberJUnitTests4 on testNumberJUnitTests4(units.NumberJUnitTests)" time="0.001"/>
  <testcase classname="units.NumberJUnitTests" name="testNumberJUnitTests5 on testNumberJUnitTests5(units.NumberJUnitTests)" time="0.001"/>
</testsuite> <!-- Surefire test -->
